2026-06-28 16:57:31,577 [INFO] [WS Client] Connecting to Market Data Feed at ws://127.0.0.1:8080/ws/market-data...
2026-06-28 16:57:31,655 [INFO] [WS Client] Connecting to Trades Feed at ws://127.0.0.1:8080/ws/trades...
2026-06-28 16:57:31,659 [INFO] [WS Client] Connected to Market Data Feed!
2026-06-28 16:57:31,659 [INFO] [WS Client] Connected to Trades Feed!
2026-06-28 16:57:33,625 [INFO] --- Submitting resting Buy order (100.0, qty 1.5) ---
2026-06-28 16:57:33,824 [INFO] [HTTP Response] Order Submitted: {"order_id":"1782646053823843700","status":"success","trades":[]}
2026-06-28 16:57:33,825 [INFO] [Market Data Update] {
  "data": {
    "asks": [
      [
        "100.880000",
        "1.700000"
      ],
      [
        "100.960000",
        "1.300000"
      ],
      [
        "100.990000",
        "7.000000"
      ],
      [
        "101.000000",
        "0.510000"
      ],
      [
        "101.110000",
        "17.020000"
      ],
      [
        "101.120000",
        "7.800000"
      ],
      [
        "101.130000",
        "47.020000"
      ],
      [
        "101.150000",
        "31.400000"
      ],
      [
        "101.160000",
        "10.850000"
      ],
      [
        "101.170000",
        "17.810000"
      ]
    ],
    "bids": [
      [
        "100.180000",
        "1.550000"
      ],
      [
        "100.070000",
        "4.000000"
      ],
      [
        "100.000000",
        "1.500000"
      ],
      [
        "99.410000",
        "7.400000"
      ],
      [
        "98.990000",
        "15.010000"
      ],
      [
        "98.980000",
        "19.400000"
      ],
      [
        "98.970000",
        "13.380000"
      ],
      [
        "98.960000",
        "20.840000"
      ],
      [
        "98.950000",
        "24.060000"
      ],
      [
        "98.930000",
        "4.440000"
      ]
    ],
    "symbol": "BTC-USDT",
    "timestamp": "2026-06-28T11:27:33.823905Z"
  },
  "event": "depth",
  "symbol": "BTC-USDT"
}
2026-06-28 16:57:34,831 [INFO] --- Submitting resting Buy order (100.0, qty 2.5) ---
2026-06-28 16:57:34,833 [INFO] [HTTP Response] Order Submitted: {"order_id":"1782646054832572200","status":"success","trades":[]}
2026-06-28 16:57:34,834 [INFO] [Market Data Update] {
  "data": {
    "asks": [
      [
        "100.880000",
        "1.700000"
      ],
      [
        "100.960000",
        "1.300000"
      ],
      [
        "100.990000",
        "7.000000"
      ],
      [
        "101.000000",
        "0.510000"
      ],
      [
        "101.110000",
        "17.020000"
      ],
      [
        "101.120000",
        "7.800000"
      ],
      [
        "101.130000",
        "47.020000"
      ],
      [
        "101.150000",
        "31.400000"
      ],
      [
        "101.160000",
        "10.850000"
      ],
      [
        "101.170000",
        "17.810000"
      ]
    ],
    "bids": [
      [
        "100.180000",
        "1.550000"
      ],
      [
        "100.070000",
        "4.000000"
      ],
      [
        "100.000000",
        "4.000000"
      ],
      [
        "99.410000",
        "7.400000"
      ],
      [
        "98.990000",
        "15.010000"
      ],
      [
        "98.980000",
        "19.400000"
      ],
      [
        "98.970000",
        "13.380000"
      ],
      [
        "98.960000",
        "20.840000"
      ],
      [
        "98.950000",
        "24.060000"
      ],
      [
        "98.930000",
        "4.440000"
      ]
    ],
    "symbol": "BTC-USDT",
    "timestamp": "2026-06-28T11:27:34.832663Z"
  },
  "event": "depth",
  "symbol": "BTC-USDT"
}
2026-06-28 16:57:35,837 [INFO] --- Submitting crossing Sell order (99.0, qty 2.0) ---
2026-06-28 16:57:35,839 [INFO] [HTTP Response] Order Submitted: {"order_id":"1782646055838572500","status":"success","trades":[{"aggressor_side":"sell","maker_order_id":"PERF_4990","price":"100.180000","quantity":"1.550000","symbol":"BTC-USDT","taker_order_id":"1782646055838572500","timestamp":"2026-06-28T11:27:35.838629Z","trade_id":"3912"},{"aggressor_side":"sell","maker_order_id":"PERF_4973","price":"100.070000","quantity":"0.450000","symbol":"BTC-USDT","taker_order_id":"1782646055838572500","timestamp":"2026-06-28T11:27:35.838633Z","trade_id":"3913"}]}
2026-06-28 16:57:35,840 [INFO] [Trade Executed Update] {
  "data": {
    "aggressor_side": "sell",
    "maker_order_id": "PERF_4990",
    "price": "100.180000",
    "quantity": "1.550000",
    "symbol": "BTC-USDT",
    "taker_order_id": "1782646055838572500",
    "timestamp": "2026-06-28T11:27:35.838629Z",
    "trade_id": "3912"
  },
  "event": "trade",
  "symbol": "BTC-USDT"
}
2026-06-28 16:57:35,841 [INFO] [Trade Executed Update] {
  "data": {
    "aggressor_side": "sell",
    "maker_order_id": "PERF_4973",
    "price": "100.070000",
    "quantity": "0.450000",
    "symbol": "BTC-USDT",
    "taker_order_id": "1782646055838572500",
    "timestamp": "2026-06-28T11:27:35.838633Z",
    "trade_id": "3913"
  },
  "event": "trade",
  "symbol": "BTC-USDT"
}
2026-06-28 16:57:35,841 [INFO] [Market Data Update] {
  "data": {
    "ask_price": "100.880000",
    "ask_qty": "1.700000",
    "bid_price": "100.070000",
    "bid_qty": "3.550000",
    "symbol": "BTC-USDT",
    "timestamp": "2026-06-28T11:27:35.838809Z"
  },
  "event": "bbo",
  "symbol": "BTC-USDT"
}
2026-06-28 16:57:35,841 [INFO] [Market Data Update] {
  "data": {
    "asks": [
      [
        "100.880000",
        "1.700000"
      ],
      [
        "100.960000",
        "1.300000"
      ],
      [
        "100.990000",
        "7.000000"
      ],
      [
        "101.000000",
        "0.510000"
      ],
      [
        "101.110000",
        "17.020000"
      ],
      [
        "101.120000",
        "7.800000"
      ],
      [
        "101.130000",
        "47.020000"
      ],
      [
        "101.150000",
        "31.400000"
      ],
      [
        "101.160000",
        "10.850000"
      ],
      [
        "101.170000",
        "17.810000"
      ]
    ],
    "bids": [
      [
        "100.070000",
        "3.550000"
      ],
      [
        "100.000000",
        "4.000000"
      ],
      [
        "99.410000",
        "7.400000"
      ],
      [
        "98.990000",
        "15.010000"
      ],
      [
        "98.980000",
        "19.400000"
      ],
      [
        "98.970000",
        "13.380000"
      ],
      [
        "98.960000",
        "20.840000"
      ],
      [
        "98.950000",
        "24.060000"
      ],
      [
        "98.930000",
        "4.440000"
      ],
      [
        "98.920000",
        "18.790000"
      ]
    ],
    "symbol": "BTC-USDT",
    "timestamp": "2026-06-28T11:27:35.838867Z"
  },
  "event": "depth",
  "symbol": "BTC-USDT"
}
2026-06-28 16:57:37,855 [INFO] Shutting down demo...
