2026-06-28 16:56:41.098 [INFO] === Running Crypto Trading Engine C++ Unit Tests ===
2026-06-28 16:56:41.099 [INFO] Running test: price_time_priority
2026-06-28 16:56:41.100 [INFO] PASS: price_time_priority
2026-06-28 16:56:41.100 [INFO] Running test: internal_trade_through_protection
2026-06-28 16:56:41.100 [INFO] PASS: internal_trade_through_protection
2026-06-28 16:56:41.100 [INFO] Running test: ioc_order_handling
2026-06-28 16:56:41.100 [INFO] PASS: ioc_order_handling
2026-06-28 16:56:41.100 [INFO] Running test: fok_order_handling
2026-06-28 16:56:41.101 [INFO] PASS: fok_order_handling
2026-06-28 16:56:41.103 [INFO] Running test: order_cancellation
2026-06-28 16:56:41.103 [INFO] PASS: order_cancellation
2026-06-28 16:56:41.103 [INFO] Running test: order_modification
2026-06-28 16:56:41.103 [INFO] PASS: order_modification
2026-06-28 16:56:41.103 [INFO] === Unit Test Results ===
2026-06-28 16:56:41.103 [INFO] Passes: 6
2026-06-28 16:56:41.103 [INFO] Failures: 0
2026-06-28 16:57:00.228 [INFO] === Starting Crypto Trading Engine ===
2026-06-28 16:57:00.231 [INFO] Starting API Server on port 8080...
2026-06-28 16:57:00.233 [INFO] Crypto Trading Engine is running at http://127.0.0.1:8080 and ws://127.0.0.1:8080
2026-06-28 16:57:00.233 [INFO] Press Ctrl+C to exit.
2026-06-28 16:57:20.928 [DEBUG] New WS connection opened on path: /ws/orders
2026-06-28 16:57:23.318 [DEBUG] WS connection closed.
2026-06-28 16:57:31.658 [DEBUG] New WS connection opened on path: /ws/market-data
2026-06-28 16:57:31.658 [DEBUG] New WS connection opened on path: /ws/trades
2026-06-28 16:57:37.856 [DEBUG] WS connection closed.
2026-06-28 16:57:37.856 [DEBUG] WS connection closed.
2026-06-28 17:19:12.282 [INFO] === Terminating Crypto Trading Engine ===
2026-06-28 17:19:12.283 [INFO] Stopping API Server...
2026-06-28 17:19:12.285 [INFO] API Server stopped.
2026-06-28 17:19:12.285 [INFO] Server stopped successfully. Goodbye!
2026-06-29 22:42:40.478 [INFO] === Starting Crypto Trading Engine ===
2026-06-29 22:42:40.482 [INFO] Starting API Server on port 8080...
2026-06-29 22:42:40.484 [INFO] Crypto Trading Engine is running at http://127.0.0.1:8080 and ws://127.0.0.1:8080
2026-06-29 22:42:40.485 [INFO] Press Ctrl+C to exit.
2026-06-29 22:42:59.337 [DEBUG] New WS connection opened on path: /ws/orders
2026-06-29 22:51:25.883 [INFO] === Terminating Crypto Trading Engine ===
2026-06-29 22:51:25.884 [INFO] Stopping API Server...
2026-06-29 22:51:25.884 [INFO] API Server stopped.
2026-06-29 22:51:25.885 [INFO] Server stopped successfully. Goodbye!
2026-06-30 21:41:29.342 [INFO] === Running Crypto Trading Engine C++ Unit Tests ===
2026-06-30 21:41:29.343 [INFO] Running test: price_time_priority
2026-06-30 21:41:29.344 [INFO] PASS: price_time_priority
2026-06-30 21:41:29.344 [INFO] Running test: internal_trade_through_protection
2026-06-30 21:41:29.344 [INFO] PASS: internal_trade_through_protection
2026-06-30 21:41:29.344 [INFO] Running test: ioc_order_handling
2026-06-30 21:41:29.344 [INFO] PASS: ioc_order_handling
2026-06-30 21:41:29.345 [INFO] Running test: fok_order_handling
2026-06-30 21:41:29.345 [INFO] PASS: fok_order_handling
2026-06-30 21:41:29.345 [INFO] Running test: order_cancellation
2026-06-30 21:41:29.345 [INFO] PASS: order_cancellation
2026-06-30 21:41:29.345 [INFO] Running test: order_modification
2026-06-30 21:41:29.345 [INFO] PASS: order_modification
2026-06-30 21:41:29.345 [INFO] === Unit Test Results ===
2026-06-30 21:41:29.345 [INFO] Passes: 6
2026-06-30 21:41:29.345 [INFO] Failures: 0
2026-06-30 21:41:55.949 [INFO] === Starting Crypto Trading Engine ===
2026-06-30 21:41:55.951 [INFO] Starting API Server on port 8080...
2026-06-30 21:41:55.952 [INFO] Crypto Trading Engine is running at http://127.0.0.1:8080 and ws://127.0.0.1:8080
2026-06-30 21:41:55.952 [INFO] Press Ctrl+C to exit.
2026-06-30 21:42:24.412 [DEBUG] New WS connection opened on path: /ws/orders
2026-06-30 21:53:11.964 [INFO] === Terminating Crypto Trading Engine ===
2026-06-30 21:53:11.964 [INFO] Stopping API Server...
2026-06-30 21:54:07.709 [INFO] === Starting Crypto Trading Engine ===
2026-06-30 21:54:07.710 [INFO] Starting API Server on port 8080...
2026-06-30 21:54:07.711 [INFO] Crypto Trading Engine is running at http://127.0.0.1:8080 and ws://127.0.0.1:8080
2026-06-30 21:54:07.711 [INFO] Press Ctrl+C to exit.
2026-06-30 21:54:29.451 [DEBUG] New WS connection opened on path: /ws/orders
2026-06-30 21:57:58.587 [DEBUG] New WS connection opened on path: /ws/orders
2026-06-30 21:58:01.521 [DEBUG] WS connection closed.
2026-06-30 21:58:29.431 [DEBUG] New WS connection opened on path: /ws/market-data
2026-06-30 21:58:29.431 [DEBUG] New WS connection opened on path: /ws/trades
2026-06-30 21:58:35.502 [DEBUG] WS connection closed.
2026-06-30 21:58:35.502 [DEBUG] WS connection closed.
2026-06-30 22:16:50.016 [INFO] === Terminating Crypto Trading Engine ===
2026-06-30 22:16:50.017 [INFO] Stopping API Server...
2026-06-30 22:16:50.018 [INFO] API Server stopped.
2026-06-30 22:16:50.018 [INFO] Server stopped successfully. Goodbye!
